<?xml version="1.0" encoding="UTF-8"?>
<!-- Generated by org.testng.reporters.JUnitXMLReporter -->
<testsuite hostname="RezD021" name="MobileHealth-Jenkins" tests="4" failures="0" timestamp="24 Mar 2017 08:41:32 GMT" time="746.062" errors="0">
  <testcase name="startAutomation" time="261.864" classname="MobileDev.MobileDev"/>
  <testcase name="startAutomation" time="215.314" classname="MobileDev.MobileDev"/>
  <testcase name="startAutomation" time="44.624" classname="MobileDev.MobileDev"/>
  <testcase name="startAutomation" time="224.221" classname="MobileDev.MobileDev"/>
</testsuite> <!-- MobileHealth-Jenkins -->
