<?xml version="1.0" encoding="UTF-8"?>
<testng-results skipped="0" failed="0" ignored="0" total="1" passed="1">
  <reporter-output>
    <line>
      <![CDATA[<font font-family='Times New Roman'>Statistic Page--</font><font color='blue'>PASS</font></a>]]>
    </line>
    <line>
      <![CDATA[<font font-family='Times New Roman'>Bulk Range Rate Update with combination(+ , 0.0)--</font><font color='blue'>PASS("Your bulk Rate request has been processed!")</font></a>]]>
    </line>
    <line>
      <![CDATA[<font font-family='Times New Roman'>>Bulk Range Rate Update with combination(- , 0.0)--</font><font color='blue'>PASS("Your bulk Rate request has been processed!")</font></a>]]>
    </line>
    <line>
      <![CDATA[<font font-family='Times New Roman'>>Bulk Range Rate Update with combination(+ , %)--</font><font color='blue'>PASS("Your bulk Rate request has been processed!")</font></a>]]>
    </line>
    <line>
      <![CDATA[<font font-family='Times New Roman'>>Bulk Range Rate Update with combination(- , %)--</font><font color='blue'>PASS("Your bulk Rate request has been processed!")</font></a>]]>
    </line>
    <line>
      <![CDATA[<font font-family='Times New Roman'>Bulk Inventory Update--</font><font color='red'>FAIL("No record(s) updated! You are set up on Real Time Inventory from your PMS. Hence you are not allowed to update inventory manually.")</font></a>]]>
    </line>
    <line>
      <![CDATA[<font font-family='Times New Roman'>Your bulk Restriction Update--</font><font color='blue'>PASS("Your bulk Restriction request has been processed!")</font></a>]]>
    </line>
    <line>
      <![CDATA[<font font-family='Times New Roman'>Your bulk Restriction Update--</font><font color='blue'>PASS("Your bulk Restriction request has been processed!")</font></a>]]>
    </line>
    <line>
      <![CDATA[<font font-family='Times New Roman'>Selected Date Rate Update--</font><font color='blue'>PASS(Your Request has been processed successfully)</font></a>]]>
    </line>
    <line>
      <![CDATA[<font font-family='Times New Roman'>Selected Date Inventory Update--</font><font color='blue'>PASS(Your Request has been processed to bookings.com,makemytrip.com,PAYTM,travelguru.com.)</font></a>]]>
    </line>
    <line>
      <![CDATA[<font font-family='Times New Roman'>Selected Date Restriction Update--</font><font color='blue'>PASS(Your Request has been processed to bookings.com,makemytrip.com,PAYTM,travelguru.com.)</font></a>]]>
    </line>
    <line>
      <![CDATA[<font font-family='Times New Roman'>Selected Date Restriction Update--</font><font color='blue'>PASS(Your Request has been processed to bookings.com,makemytrip.com,PAYTM,travelguru.com.)</font></a>]]>
    </line>
    <line>
      <![CDATA[<font font-family='Times New Roman'>Date Range Rate Update--</font><font color='red'>FAIL(Your request has been processed successfully except for few of the record(s) where Lower Occupancies Rate(s) exceeded Higher Occupancies Rate(s))</font></a>]]>
    </line>
    <line>
      <![CDATA[<font font-family='Times New Roman'>Date Range Inventory Update--</font><font color='blue'>PASS(Your Request has been processed to bookings.com,makemytrip.com,PAYTM,travelguru.com.)</font></a>]]>
    </line>
    <line>
      <![CDATA[<font font-family='Times New Roman'>Date Range Restriction Update--</font><font color='blue'>PASS(Your Request has been processed to bookings.com,makemytrip.com,PAYTM,travelguru.com.)</font></a>]]>
    </line>
    <line>
      <![CDATA[<font font-family='Times New Roman'>Date Range Restriction Update--</font><font color='blue'>PASS(Your Request has been processed to bookings.com,makemytrip.com,PAYTM,travelguru.com.)</font></a>]]>
    </line>
  </reporter-output>
  <suite name="Default suite" duration-ms="650511" started-at="2018-01-24T10:58:17Z" finished-at="2018-01-24T11:09:08Z">
    <groups>
    </groups>
    <test name="Default test" duration-ms="650511" started-at="2018-01-24T10:58:17Z" finished-at="2018-01-24T11:09:08Z">
      <class name="MobileDev.MobileDev">
        <test-method status="PASS" signature="startAutomation(java.lang.String, [C, java.lang.String, java.lang.String, java.lang.String, java.lang.String, java.lang.String, java.lang.String)[pri:1, instance:MobileDev.MobileDev@3891771e]" name="startAutomation" duration-ms="650478" started-at="2018-01-24T16:28:17Z" data-provider="data" finished-at="2018-01-24T16:39:08Z">
          <params>
            <param index="0">
              <value>
                <![CDATA[whiterose@reznext.com]]>
              </value>
            </param>
            <param index="1">
              <value>
                <![CDATA[[C@2584b82d]]>
              </value>
            </param>
            <param index="2">
              <value>
                <![CDATA[0]]>
              </value>
            </param>
            <param index="3">
              <value>
                <![CDATA[1]]>
              </value>
            </param>
            <param index="4">
              <value>
                <![CDATA[1]]>
              </value>
            </param>
            <param index="5">
              <value>
                <![CDATA[1]]>
              </value>
            </param>
            <param index="6">
              <value>
                <![CDATA[White Rose   Bengaluru]]>
              </value>
            </param>
            <param index="7">
              <value>
                <![CDATA[1947]]>
              </value>
            </param>
          </params>
          <reporter-output>
            <line>
              <![CDATA[<font font-family='Times New Roman'>Statistic Page--</font><font color='blue'>PASS</font></a>]]>
            </line>
            <line>
              <![CDATA[<font font-family='Times New Roman'>Bulk Range Rate Update with combination(+ , 0.0)--</font><font color='blue'>PASS("Your bulk Rate request has been processed!")</font></a>]]>
            </line>
            <line>
              <![CDATA[<font font-family='Times New Roman'>>Bulk Range Rate Update with combination(- , 0.0)--</font><font color='blue'>PASS("Your bulk Rate request has been processed!")</font></a>]]>
            </line>
            <line>
              <![CDATA[<font font-family='Times New Roman'>>Bulk Range Rate Update with combination(+ , %)--</font><font color='blue'>PASS("Your bulk Rate request has been processed!")</font></a>]]>
            </line>
            <line>
              <![CDATA[<font font-family='Times New Roman'>>Bulk Range Rate Update with combination(- , %)--</font><font color='blue'>PASS("Your bulk Rate request has been processed!")</font></a>]]>
            </line>
            <line>
              <![CDATA[<font font-family='Times New Roman'>Bulk Inventory Update--</font><font color='red'>FAIL("No record(s) updated! You are set up on Real Time Inventory from your PMS. Hence you are not allowed to update inventory manually.")</font></a>]]>
            </line>
            <line>
              <![CDATA[<font font-family='Times New Roman'>Your bulk Restriction Update--</font><font color='blue'>PASS("Your bulk Restriction request has been processed!")</font></a>]]>
            </line>
            <line>
              <![CDATA[<font font-family='Times New Roman'>Your bulk Restriction Update--</font><font color='blue'>PASS("Your bulk Restriction request has been processed!")</font></a>]]>
            </line>
            <line>
              <![CDATA[<font font-family='Times New Roman'>Selected Date Rate Update--</font><font color='blue'>PASS(Your Request has been processed successfully)</font></a>]]>
            </line>
            <line>
              <![CDATA[<font font-family='Times New Roman'>Selected Date Inventory Update--</font><font color='blue'>PASS(Your Request has been processed to bookings.com,makemytrip.com,PAYTM,travelguru.com.)</font></a>]]>
            </line>
            <line>
              <![CDATA[<font font-family='Times New Roman'>Selected Date Restriction Update--</font><font color='blue'>PASS(Your Request has been processed to bookings.com,makemytrip.com,PAYTM,travelguru.com.)</font></a>]]>
            </line>
            <line>
              <![CDATA[<font font-family='Times New Roman'>Selected Date Restriction Update--</font><font color='blue'>PASS(Your Request has been processed to bookings.com,makemytrip.com,PAYTM,travelguru.com.)</font></a>]]>
            </line>
            <line>
              <![CDATA[<font font-family='Times New Roman'>Date Range Rate Update--</font><font color='red'>FAIL(Your request has been processed successfully except for few of the record(s) where Lower Occupancies Rate(s) exceeded Higher Occupancies Rate(s))</font></a>]]>
            </line>
            <line>
              <![CDATA[<font font-family='Times New Roman'>Date Range Inventory Update--</font><font color='blue'>PASS(Your Request has been processed to bookings.com,makemytrip.com,PAYTM,travelguru.com.)</font></a>]]>
            </line>
            <line>
              <![CDATA[<font font-family='Times New Roman'>Date Range Restriction Update--</font><font color='blue'>PASS(Your Request has been processed to bookings.com,makemytrip.com,PAYTM,travelguru.com.)</font></a>]]>
            </line>
            <line>
              <![CDATA[<font font-family='Times New Roman'>Date Range Restriction Update--</font><font color='blue'>PASS(Your Request has been processed to bookings.com,makemytrip.com,PAYTM,travelguru.com.)</font></a>]]>
            </line>
          </reporter-output>
        </test-method> <!-- startAutomation -->
      </class> <!-- MobileDev.MobileDev -->
    </test> <!-- Default test -->
  </suite> <!-- Default suite -->
</testng-results>
