<?xml version="1.0" encoding="UTF-8"?>
<testng-results skipped="0" failed="0" total="1" passed="1">
  <reporter-output>
  </reporter-output>
  <suite name="MobileHealth-Jenkins" duration-ms="4963" started-at="2017-03-24T08:41:54Z" finished-at="2017-03-24T08:41:59Z">
    <groups>
    </groups>
    <test name="SendMail-Jenkins" duration-ms="4963" started-at="2017-03-24T08:41:54Z" finished-at="2017-03-24T08:41:59Z">
      <class name="MobileDev.testing">
        <test-method status="PASS" signature="execute()[pri:0, instance:MobileDev.testing@27f674d]" name="execute" duration-ms="4953" started-at="2017-03-24T14:11:54Z" finished-at="2017-03-24T14:11:59Z">
          <reporter-output>
          </reporter-output>
        </test-method> <!-- execute -->
      </class> <!-- MobileDev.testing -->
    </test> <!-- SendMail-Jenkins -->
  </suite> <!-- MobileHealth-Jenkins -->
</testng-results>
